Arguments: 
  /home/nilo/.nvm/versions/node/v14.9.0/bin/node /usr/share/yarn/bin/yarn.js add appolo-server graphql mongoose

PATH: 
  /home/nilo/.yarn/bin:/home/nilo/.config/yarn/global/node_modules/.bin:/home/nilo/.nvm/versions/node/v14.9.0/bin:/home/nilo/.yarn/bin:/home/nilo/.config/yarn/global/node_modules/.bin:/home/nilo/.zinit/polaris/bin:/home/nilo/.local/bin:/usr/local/sbin:/usr/local/bin:/usr/sbin:/usr/bin:/sbin:/bin:/usr/games:/usr/local/games:/snap/bin:/home/nilo/Android/Sdk/tools:/home/nilo/Android/Sdk/platform-tools:/home/nilo/android-studio/bin:/home/nilo/Android/Sdk/tools:/home/nilo/Android/Sdk/platform-tools:/home/nilo/android-studio/bin

Yarn version: 
  1.22.4

Node version: 
  14.9.0

Platform: 
  linux x64

Trace: 
  Error: https://registry.yarnpkg.com/appolo-server: Not found
      at Request.params.callback [as _callback] (/usr/share/yarn/lib/cli.js:66987:18)
      at Request.self.callback (/usr/share/yarn/lib/cli.js:140748:22)
      at Request.emit (events.js:314:20)
      at Request.<anonymous> (/usr/share/yarn/lib/cli.js:141720:10)
      at Request.emit (events.js:314:20)
      at IncomingMessage.<anonymous> (/usr/share/yarn/lib/cli.js:141642:12)
      at Object.onceWrapper (events.js:420:28)
      at IncomingMessage.emit (events.js:326:22)
      at endReadableNT (_stream_readable.js:1244:12)
      at processTicksAndRejections (internal/process/task_queues.js:80:21)

npm manifest: 
  {
    "name": "backend",
    "version": "1.0.0",
    "main": "index.js",
    "license": "MIT"
  }

yarn manifest: 
  No manifest

Lockfile: 
  No lockfile
